<?xml version="1.0" encoding="UTF-8"?>
<coverage generated="1645698296194" clover="3.2.0">
  <project timestamp="1645698296195" name="All files">
    <metrics statements="90" coveredstatements="46" conditionals="18" coveredconditionals="2" methods="20" coveredmethods="7" elements="128" coveredelements="55" complexity="0" loc="90" ncloc="90" packages="1" files="3" classes="3"/>
    <file name="task.js" path="C:\Users\bhttm\Desktop\ToDo-test\src\modules\task.js">
      <metrics statements="3" coveredstatements="3" conditionals="0" coveredconditionals="0" methods="1" coveredmethods="1"/>
      <line num="3" count="7" type="stmt"/>
      <line num="4" count="7" type="stmt"/>
      <line num="5" count="7" type="stmt"/>
    </file>
    <file name="taskManager.js" path="C:\Users\bhttm\Desktop\ToDo-test\src\modules\taskManager.js">
      <metrics statements="81" coveredstatements="41" conditionals="16" coveredconditionals="2" methods="17" coveredmethods="5"/>
      <line num="4" count="1" type="stmt"/>
      <line num="5" count="1" type="stmt"/>
      <line num="9" count="1" type="stmt"/>
      <line num="12" count="1" type="stmt"/>
      <line num="13" count="0" type="stmt"/>
      <line num="16" count="1" type="stmt"/>
      <line num="17" count="0" type="cond" truecount="0" falsecount="2"/>
      <line num="18" count="0" type="stmt"/>
      <line num="22" count="1" type="stmt"/>
      <line num="23" count="5" type="stmt"/>
      <line num="26" count="1" type="stmt"/>
      <line num="27" count="8" type="stmt"/>
      <line num="28" count="8" type="stmt"/>
      <line num="29" count="10" type="stmt"/>
      <line num="30" count="10" type="stmt"/>
      <line num="31" count="10" type="stmt"/>
      <line num="32" count="10" type="stmt"/>
      <line num="33" count="10" type="stmt"/>
      <line num="34" count="10" type="stmt"/>
      <line num="35" count="10" type="stmt"/>
      <line num="36" count="10" type="stmt"/>
      <line num="37" count="10" type="stmt"/>
      <line num="38" count="10" type="stmt"/>
      <line num="39" count="10" type="stmt"/>
      <line num="40" count="10" type="stmt"/>
      <line num="41" count="10" type="stmt"/>
      <line num="42" count="10" type="stmt"/>
      <line num="43" count="10" type="stmt"/>
      <line num="44" count="10" type="stmt"/>
      <line num="47" count="10" type="stmt"/>
      <line num="50" count="10" type="stmt"/>
      <line num="54" count="10" type="cond" truecount="1" falsecount="1"/>
      <line num="55" count="0" type="stmt"/>
      <line num="56" count="0" type="stmt"/>
      <line num="61" count="10" type="stmt"/>
      <line num="62" count="0" type="stmt"/>
      <line num="63" count="0" type="cond" truecount="0" falsecount="2"/>
      <line num="64" count="0" type="stmt"/>
      <line num="67" count="0" type="stmt"/>
      <line num="68" count="0" type="stmt"/>
      <line num="70" count="0" type="stmt"/>
      <line num="73" count="0" type="stmt"/>
      <line num="74" count="0" type="stmt"/>
      <line num="78" count="10" type="stmt"/>
      <line num="79" count="0" type="stmt"/>
      <line num="80" count="0" type="stmt"/>
      <line num="81" count="0" type="stmt"/>
      <line num="83" count="0" type="cond" truecount="0" falsecount="2"/>
      <line num="84" count="0" type="stmt"/>
      <line num="85" count="0" type="cond" truecount="0" falsecount="4"/>
      <line num="86" count="0" type="stmt"/>
      <line num="87" count="0" type="stmt"/>
      <line num="88" count="0" type="stmt"/>
      <line num="89" count="0" type="stmt"/>
      <line num="90" count="0" type="stmt"/>
      <line num="96" count="10" type="stmt"/>
      <line num="97" count="0" type="stmt"/>
      <line num="98" count="0" type="cond" truecount="0" falsecount="2"/>
      <line num="99" count="0" type="stmt"/>
      <line num="100" count="0" type="stmt"/>
      <line num="101" count="0" type="stmt"/>
      <line num="103" count="0" type="stmt"/>
      <line num="106" count="10" type="stmt"/>
      <line num="107" count="0" type="stmt"/>
      <line num="108" count="0" type="stmt"/>
      <line num="109" count="0" type="stmt"/>
      <line num="110" count="0" type="stmt"/>
      <line num="112" count="0" type="stmt"/>
      <line num="113" count="0" type="stmt"/>
      <line num="116" count="10" type="stmt"/>
      <line num="117" count="10" type="stmt"/>
      <line num="121" count="1" type="stmt"/>
      <line num="122" count="7" type="cond" truecount="1" falsecount="1"/>
      <line num="123" count="7" type="stmt"/>
      <line num="124" count="7" type="stmt"/>
      <line num="128" count="1" type="stmt"/>
      <line num="129" count="0" type="stmt"/>
      <line num="132" count="1" type="stmt"/>
      <line num="133" count="0" type="stmt"/>
      <line num="134" count="0" type="stmt"/>
      <line num="135" count="0" type="stmt"/>
    </file>
    <file name="taskStatus.js" path="C:\Users\bhttm\Desktop\ToDo-test\src\modules\taskStatus.js">
      <metrics statements="6" coveredstatements="2" conditionals="2" coveredconditionals="0" methods="2" coveredmethods="1"/>
      <line num="3" count="1" type="stmt"/>
      <line num="6" count="1" type="stmt"/>
      <line num="7" count="0" type="cond" truecount="0" falsecount="2"/>
      <line num="8" count="0" type="stmt"/>
      <line num="10" count="0" type="stmt"/>
      <line num="12" count="0" type="stmt"/>
    </file>
  </project>
</coverage>
