{"C:\\Users\\bhttm\\Desktop\\ToDo-test\\src\\modules\\task.js": {"path":"C:\\Users\\bhttm\\Desktop\\ToDo-test\\src\\modules\\task.js","statementMap":{"0":{"start":{"line":3,"column":4},"end":{"line":3,"column":35}},"1":{"start":{"line":4,"column":4},"end":{"line":4,"column":27}},"2":{"start":{"line":5,"column":4},"end":{"line":5,"column":38}}},"fnMap":{"0":{"name":"(anonymous_0)","decl":{"start":{"line":2,"column":2},"end":{"line":2,"column":3}},"loc":{"start":{"line":2,"column":38},"end":{"line":6,"column":3}},"line":2}},"branchMap":{},"s":{"0":7,"1":7,"2":7},"f":{"0":7},"b":{},"_coverageSchema":"1a1c01bbd47fc00a2c39e90264f33305004495a9","hash":"fba38787086eb692cf62dd5b7fec80ed3d0f532e"}
,"C:\\Users\\bhttm\\Desktop\\ToDo-test\\src\\modules\\taskManager.js": {"path":"C:\\Users\\bhttm\\Desktop\\ToDo-test\\src\\modules\\taskManager.js","statementMap":{"0":{"start":{"line":4,"column":18},"end":{"line":4,"column":55}},"1":{"start":{"line":5,"column":19},"end":{"line":5,"column":35}},"2":{"start":{"line":9,"column":4},"end":{"line":9,"column":20}},"3":{"start":{"line":12,"column":13},"end":{"line":14,"column":3}},"4":{"start":{"line":13,"column":4},"end":{"line":13,"column":66}},"5":{"start":{"line":16,"column":13},"end":{"line":20,"column":3}},"6":{"start":{"line":17,"column":4},"end":{"line":19,"column":5}},"7":{"start":{"line":18,"column":6},"end":{"line":18,"column":65}},"8":{"start":{"line":22,"column":15},"end":{"line":24,"column":3}},"9":{"start":{"line":23,"column":4},"end":{"line":23,"column":32}},"10":{"start":{"line":26,"column":17},"end":{"line":119,"column":3}},"11":{"start":{"line":27,"column":4},"end":{"line":27,"column":29}},"12":{"start":{"line":28,"column":4},"end":{"line":118,"column":7}},"13":{"start":{"line":29,"column":17},"end":{"line":29,"column":45}},"14":{"start":{"line":30,"column":20},"end":{"line":30,"column":52}},"15":{"start":{"line":31,"column":19},"end":{"line":31,"column":51}},"16":{"start":{"line":32,"column":18},"end":{"line":32,"column":50}},"17":{"start":{"line":33,"column":20},"end":{"line":33,"column":47}},"18":{"start":{"line":34,"column":25},"end":{"line":34,"column":56}},"19":{"start":{"line":35,"column":6},"end":{"line":35,"column":25}},"20":{"start":{"line":36,"column":6},"end":{"line":36,"column":28}},"21":{"start":{"line":37,"column":6},"end":{"line":37,"column":43}},"22":{"start":{"line":38,"column":6},"end":{"line":38,"column":42}},"23":{"start":{"line":39,"column":6},"end":{"line":39,"column":43}},"24":{"start":{"line":40,"column":6},"end":{"line":40,"column":40}},"25":{"start":{"line":41,"column":6},"end":{"line":41,"column":43}},"26":{"start":{"line":42,"column":6},"end":{"line":42,"column":41}},"27":{"start":{"line":43,"column":6},"end":{"line":43,"column":45}},"28":{"start":{"line":44,"column":6},"end":{"line":46,"column":14}},"29":{"start":{"line":47,"column":6},"end":{"line":49,"column":14}},"30":{"start":{"line":50,"column":6},"end":{"line":52,"column":14}},"31":{"start":{"line":54,"column":6},"end":{"line":59,"column":7}},"32":{"start":{"line":55,"column":8},"end":{"line":55,"column":38}},"33":{"start":{"line":56,"column":8},"end":{"line":58,"column":16}},"34":{"start":{"line":61,"column":6},"end":{"line":76,"column":9}},"35":{"start":{"line":62,"column":8},"end":{"line":62,"column":41}},"36":{"start":{"line":63,"column":8},"end":{"line":75,"column":9}},"37":{"start":{"line":64,"column":10},"end":{"line":66,"column":18}},"38":{"start":{"line":67,"column":10},"end":{"line":67,"column":55}},"39":{"start":{"line":68,"column":10},"end":{"line":68,"column":26}},"40":{"start":{"line":70,"column":10},"end":{"line":72,"column":18}},"41":{"start":{"line":73,"column":10},"end":{"line":73,"column":55}},"42":{"start":{"line":74,"column":10},"end":{"line":74,"column":26}},"43":{"start":{"line":78,"column":6},"end":{"line":94,"column":9}},"44":{"start":{"line":79,"column":8},"end":{"line":79,"column":28}},"45":{"start":{"line":80,"column":8},"end":{"line":80,"column":33}},"46":{"start":{"line":81,"column":8},"end":{"line":81,"column":27}},"47":{"start":{"line":83,"column":8},"end":{"line":93,"column":9}},"48":{"start":{"line":84,"column":10},"end":{"line":92,"column":13}},"49":{"start":{"line":85,"column":12},"end":{"line":91,"column":13}},"50":{"start":{"line":86,"column":14},"end":{"line":86,"column":57}},"51":{"start":{"line":87,"column":14},"end":{"line":87,"column":30}},"52":{"start":{"line":88,"column":14},"end":{"line":88,"column":43}},"53":{"start":{"line":89,"column":14},"end":{"line":89,"column":32}},"54":{"start":{"line":90,"column":14},"end":{"line":90,"column":42}},"55":{"start":{"line":96,"column":6},"end":{"line":104,"column":9}},"56":{"start":{"line":97,"column":8},"end":{"line":97,"column":28}},"57":{"start":{"line":98,"column":8},"end":{"line":102,"column":9}},"58":{"start":{"line":99,"column":10},"end":{"line":99,"column":53}},"59":{"start":{"line":100,"column":10},"end":{"line":100,"column":26}},"60":{"start":{"line":101,"column":10},"end":{"line":101,"column":39}},"61":{"start":{"line":103,"column":8},"end":{"line":103,"column":36}},"62":{"start":{"line":106,"column":6},"end":{"line":114,"column":9}},"63":{"start":{"line":107,"column":8},"end":{"line":107,"column":28}},"64":{"start":{"line":108,"column":8},"end":{"line":108,"column":31}},"65":{"start":{"line":109,"column":8},"end":{"line":111,"column":11}},"66":{"start":{"line":110,"column":10},"end":{"line":110,"column":33}},"67":{"start":{"line":112,"column":8},"end":{"line":112,"column":24}},"68":{"start":{"line":113,"column":8},"end":{"line":113,"column":37}},"69":{"start":{"line":116,"column":6},"end":{"line":116,"column":53}},"70":{"start":{"line":117,"column":6},"end":{"line":117,"column":32}},"71":{"start":{"line":121,"column":12},"end":{"line":126,"column":3}},"72":{"start":{"line":122,"column":4},"end":{"line":125,"column":5}},"73":{"start":{"line":123,"column":19},"end":{"line":123,"column":59}},"74":{"start":{"line":124,"column":6},"end":{"line":124,"column":28}},"75":{"start":{"line":128,"column":13},"end":{"line":130,"column":3}},"76":{"start":{"line":129,"column":4},"end":{"line":129,"column":20}},"77":{"start":{"line":132,"column":19},"end":{"line":137,"column":3}},"78":{"start":{"line":133,"column":4},"end":{"line":133,"column":71}},"79":{"start":{"line":133,"column":45},"end":{"line":133,"column":69}},"80":{"start":{"line":134,"column":4},"end":{"line":136,"column":7}},"81":{"start":{"line":135,"column":6},"end":{"line":135,"column":29}}},"fnMap":{"0":{"name":"(anonymous_0)","decl":{"start":{"line":8,"column":2},"end":{"line":8,"column":3}},"loc":{"start":{"line":8,"column":16},"end":{"line":10,"column":3}},"line":8},"1":{"name":"(anonymous_1)","decl":{"start":{"line":12,"column":13},"end":{"line":12,"column":14}},"loc":{"start":{"line":12,"column":19},"end":{"line":14,"column":3}},"line":12},"2":{"name":"(anonymous_2)","decl":{"start":{"line":16,"column":13},"end":{"line":16,"column":14}},"loc":{"start":{"line":16,"column":19},"end":{"line":20,"column":3}},"line":16},"3":{"name":"(anonymous_3)","decl":{"start":{"line":22,"column":15},"end":{"line":22,"column":16}},"loc":{"start":{"line":22,"column":26},"end":{"line":24,"column":3}},"line":22},"4":{"name":"(anonymous_4)","decl":{"start":{"line":26,"column":17},"end":{"line":26,"column":18}},"loc":{"start":{"line":26,"column":32},"end":{"line":119,"column":3}},"line":26},"5":{"name":"(anonymous_5)","decl":{"start":{"line":28,"column":23},"end":{"line":28,"column":24}},"loc":{"start":{"line":28,"column":40},"end":{"line":118,"column":5}},"line":28},"6":{"name":"(anonymous_6)","decl":{"start":{"line":61,"column":38},"end":{"line":61,"column":39}},"loc":{"start":{"line":61,"column":44},"end":{"line":76,"column":7}},"line":61},"7":{"name":"(anonymous_7)","decl":{"start":{"line":78,"column":37},"end":{"line":78,"column":38}},"loc":{"start":{"line":78,"column":44},"end":{"line":94,"column":7}},"line":78},"8":{"name":"(anonymous_8)","decl":{"start":{"line":84,"column":41},"end":{"line":84,"column":42}},"loc":{"start":{"line":84,"column":48},"end":{"line":92,"column":11}},"line":84},"9":{"name":"(anonymous_9)","decl":{"start":{"line":96,"column":46},"end":{"line":96,"column":47}},"loc":{"start":{"line":96,"column":53},"end":{"line":104,"column":7}},"line":96},"10":{"name":"(anonymous_10)","decl":{"start":{"line":106,"column":36},"end":{"line":106,"column":37}},"loc":{"start":{"line":106,"column":43},"end":{"line":114,"column":7}},"line":106},"11":{"name":"(anonymous_11)","decl":{"start":{"line":109,"column":27},"end":{"line":109,"column":28}},"loc":{"start":{"line":109,"column":44},"end":{"line":111,"column":9}},"line":109},"12":{"name":"(anonymous_12)","decl":{"start":{"line":121,"column":12},"end":{"line":121,"column":13}},"loc":{"start":{"line":121,"column":29},"end":{"line":126,"column":3}},"line":121},"13":{"name":"(anonymous_13)","decl":{"start":{"line":128,"column":13},"end":{"line":128,"column":14}},"loc":{"start":{"line":128,"column":19},"end":{"line":130,"column":3}},"line":128},"14":{"name":"(anonymous_14)","decl":{"start":{"line":132,"column":19},"end":{"line":132,"column":20}},"loc":{"start":{"line":132,"column":25},"end":{"line":137,"column":3}},"line":132},"15":{"name":"(anonymous_15)","decl":{"start":{"line":133,"column":35},"end":{"line":133,"column":36}},"loc":{"start":{"line":133,"column":45},"end":{"line":133,"column":69}},"line":133},"16":{"name":"(anonymous_16)","decl":{"start":{"line":134,"column":23},"end":{"line":134,"column":24}},"loc":{"start":{"line":134,"column":40},"end":{"line":136,"column":5}},"line":134}},"branchMap":{"0":{"loc":{"start":{"line":17,"column":4},"end":{"line":19,"column":5}},"type":"if","locations":[{"start":{"line":17,"column":4},"end":{"line":19,"column":5}},{"start":{},"end":{}}],"line":17},"1":{"loc":{"start":{"line":54,"column":6},"end":{"line":59,"column":7}},"type":"if","locations":[{"start":{"line":54,"column":6},"end":{"line":59,"column":7}},{"start":{},"end":{}}],"line":54},"2":{"loc":{"start":{"line":63,"column":8},"end":{"line":75,"column":9}},"type":"if","locations":[{"start":{"line":63,"column":8},"end":{"line":75,"column":9}},{"start":{"line":69,"column":15},"end":{"line":75,"column":9}}],"line":63},"3":{"loc":{"start":{"line":83,"column":8},"end":{"line":93,"column":9}},"type":"if","locations":[{"start":{"line":83,"column":8},"end":{"line":93,"column":9}},{"start":{},"end":{}}],"line":83},"4":{"loc":{"start":{"line":85,"column":12},"end":{"line":91,"column":13}},"type":"if","locations":[{"start":{"line":85,"column":12},"end":{"line":91,"column":13}},{"start":{},"end":{}}],"line":85},"5":{"loc":{"start":{"line":85,"column":16},"end":{"line":85,"column":60}},"type":"binary-expr","locations":[{"start":{"line":85,"column":16},"end":{"line":85,"column":33}},{"start":{"line":85,"column":37},"end":{"line":85,"column":60}}],"line":85},"6":{"loc":{"start":{"line":98,"column":8},"end":{"line":102,"column":9}},"type":"if","locations":[{"start":{"line":98,"column":8},"end":{"line":102,"column":9}},{"start":{},"end":{}}],"line":98},"7":{"loc":{"start":{"line":122,"column":4},"end":{"line":125,"column":5}},"type":"if","locations":[{"start":{"line":122,"column":4},"end":{"line":125,"column":5}},{"start":{},"end":{}}],"line":122}},"s":{"0":1,"1":1,"2":1,"3":1,"4":0,"5":1,"6":0,"7":0,"8":1,"9":5,"10":1,"11":8,"12":8,"13":10,"14":10,"15":10,"16":10,"17":10,"18":10,"19":10,"20":10,"21":10,"22":10,"23":10,"24":10,"25":10,"26":10,"27":10,"28":10,"29":10,"30":10,"31":10,"32":0,"33":0,"34":10,"35":0,"36":0,"37":0,"38":0,"39":0,"40":0,"41":0,"42":0,"43":10,"44":0,"45":0,"46":0,"47":0,"48":0,"49":0,"50":0,"51":0,"52":0,"53":0,"54":0,"55":10,"56":0,"57":0,"58":0,"59":0,"60":0,"61":0,"62":10,"63":0,"64":0,"65":0,"66":0,"67":0,"68":0,"69":10,"70":10,"71":1,"72":7,"73":7,"74":7,"75":1,"76":0,"77":1,"78":0,"79":0,"80":0,"81":0},"f":{"0":1,"1":0,"2":0,"3":5,"4":8,"5":10,"6":0,"7":0,"8":0,"9":0,"10":0,"11":0,"12":7,"13":0,"14":0,"15":0,"16":0},"b":{"0":[0,0],"1":[0,10],"2":[0,0],"3":[0,0],"4":[0,0],"5":[0,0],"6":[0,0],"7":[7,0]},"_coverageSchema":"1a1c01bbd47fc00a2c39e90264f33305004495a9","hash":"bc7f0ef12ffcc2326fa4cd94b2f96d6e8441feba"}
,"C:\\Users\\bhttm\\Desktop\\ToDo-test\\src\\modules\\taskStatus.js": {"path":"C:\\Users\\bhttm\\Desktop\\ToDo-test\\src\\modules\\taskStatus.js","statementMap":{"0":{"start":{"line":3,"column":4},"end":{"line":3,"column":27}},"1":{"start":{"line":6,"column":17},"end":{"line":13,"column":3}},"2":{"start":{"line":7,"column":4},"end":{"line":11,"column":5}},"3":{"start":{"line":8,"column":6},"end":{"line":8,"column":28}},"4":{"start":{"line":10,"column":6},"end":{"line":10,"column":29}},"5":{"start":{"line":12,"column":4},"end":{"line":12,"column":26}}},"fnMap":{"0":{"name":"(anonymous_0)","decl":{"start":{"line":2,"column":2},"end":{"line":2,"column":3}},"loc":{"start":{"line":2,"column":16},"end":{"line":4,"column":3}},"line":2},"1":{"name":"(anonymous_1)","decl":{"start":{"line":6,"column":17},"end":{"line":6,"column":18}},"loc":{"start":{"line":6,"column":25},"end":{"line":13,"column":3}},"line":6}},"branchMap":{"0":{"loc":{"start":{"line":7,"column":4},"end":{"line":11,"column":5}},"type":"if","locations":[{"start":{"line":7,"column":4},"end":{"line":11,"column":5}},{"start":{"line":9,"column":11},"end":{"line":11,"column":5}}],"line":7}},"s":{"0":1,"1":1,"2":0,"3":0,"4":0,"5":0},"f":{"0":1,"1":0},"b":{"0":[0,0]},"_coverageSchema":"1a1c01bbd47fc00a2c39e90264f33305004495a9","hash":"c751be2691659fc91970ad1e1aefd76e263c4429"}
}
